<?xml version="1.0" encoding="UTF-8"?>
<!-- Generated by org.testng.reporters.JUnitReportReporter -->
<testsuite hostname="DESKTOP-TS4HEIV" failures="0" tests="1" name="Seleniumlearning.MavenJava.SeleniumTest" time="0.025" errors="0" timestamp="2021-10-22T15:25:36 BST" skipped="0">
  <testcase classname="Seleniumlearning.MavenJava.SeleniumTest" name="secondSelTest" time="0.025"/>
  <system-out/>
</testsuite> <!-- Seleniumlearning.MavenJava.SeleniumTest -->
