<?xml version="1.0" encoding="UTF-8"?>
<!-- Generated by org.testng.reporters.JUnitReportReporter -->
<testsuite hostname="DESKTOP-TS4HEIV" failures="0" tests="2" name="Seleniumlearning.MavenJava.RESTAPITest" time="0.003" errors="0" timestamp="2021-10-22T14:45:57 BST" skipped="0">
  <testcase classname="Seleniumlearning.MavenJava.RESTAPITest" name="firstRestApiTest" time="0.001"/>
  <system-out/>
  <testcase classname="Seleniumlearning.MavenJava.RESTAPITest" name="secondRestAPiTest" time="0.002"/>
  <system-out/>
</testsuite> <!-- Seleniumlearning.MavenJava.RESTAPITest -->
