<?xml version="1.0" encoding="UTF-8"?>
<!-- Generated by org.testng.reporters.JUnitReportReporter -->
<testsuite hostname="DESKTOP-TS4HEIV" failures="0" tests="2" name="Seleniumlearning.MavenJava.AppiumTest" time="0.035" errors="0" timestamp="2021-10-22T14:45:57 BST" skipped="0">
  <testcase classname="Seleniumlearning.MavenJava.AppiumTest" name="secondSelTest" time="0.018"/>
  <system-out/>
  <testcase classname="Seleniumlearning.MavenJava.AppiumTest" name="firstAppiumTest" time="0.017"/>
  <system-out/>
</testsuite> <!-- Seleniumlearning.MavenJava.AppiumTest -->
